<?xml version="1.0" encoding="UTF-8"?>
<!-- Generated by org.testng.reporters.JUnitReportReporter -->
<testsuite hostname="DESKTOP-MMSR92P" failures="0" tests="1" name="hc.hms.Patient.VerifyemailtxtFieldTest" time="6.195" errors="0" timestamp="2025-05-10T13:15:47 IST" skipped="0">
  <testcase classname="hc.hms.Patient.VerifyemailtxtFieldTest" name="verifyemailtextfield" time="6.195"/>
</testsuite> <!-- hc.hms.Patient.VerifyemailtxtFieldTest -->
