<?xml version="1.0" encoding="UTF-8"?>
<!-- Generated by org.testng.reporters.JUnitReportReporter -->
<testsuite hostname="DESKTOP-MMSR92P" failures="0" tests="1" name="hc.hms.Patient.VerifycreateACbuttonTest" time="4.601" errors="0" timestamp="2025-05-10T11:29:37 IST" skipped="0">
  <testcase classname="hc.hms.Patient.VerifycreateACbuttonTest" name="verifycreateacbtn" time="4.601"/>
</testsuite> <!-- hc.hms.Patient.VerifycreateACbuttonTest -->
