<?xml version="1.0" encoding="UTF-8"?>
<!-- Generated by org.testng.reporters.JUnitReportReporter -->
<testsuite hostname="DESKTOP-MMSR92P" failures="0" tests="1" name="hc.hms.Patient.createUserAndCheckInAdminAndDeleteTest" time="19.949" errors="0" timestamp="2025-05-07T09:59:55 IST" skipped="0">
  <testcase classname="hc.hms.Patient.createUserAndCheckInAdminAndDeleteTest" name="createPatient" time="19.949"/>
</testsuite> <!-- hc.hms.Patient.createUserAndCheckInAdminAndDeleteTest -->
