<?xml version="1.0" encoding="UTF-8"?>
<!-- Generated by org.testng.reporters.JUnitReportReporter -->
<testsuite hostname="DESKTOP-MMSR92P" failures="0" tests="1" name="hc.hms.Integration.createPatientLoginPutAppDoctorAppHisCancelAppTest" time="12.710" errors="0" timestamp="2025-05-24T13:12:03 IST" skipped="0">
  <testcase classname="hc.hms.Integration.createPatientLoginPutAppDoctorAppHisCancelAppTest" name="createPatientAndLogin" time="12.710"/>
</testsuite> <!-- hc.hms.Integration.createPatientLoginPutAppDoctorAppHisCancelAppTest -->
