<?xml version="1.0" encoding="UTF-8"?>
<!-- Generated by org.testng.reporters.JUnitReportReporter -->
<testsuite hostname="DESKTOP-MMSR92P" failures="0" tests="1" name="hc.hms.Patient.AddPatientTest" time="5.936" errors="0" timestamp="2025-05-10T14:52:36 IST" skipped="0">
  <testcase classname="hc.hms.Patient.AddPatientTest" name="addpatient" time="5.936"/>
</testsuite> <!-- hc.hms.Patient.AddPatientTest -->
