<?xml version="1.0" encoding="UTF-8"?>
<!-- Generated by org.testng.reporters.JUnitReportReporter -->
<testsuite hostname="DESKTOP-MMSR92P" failures="0" tests="1" name="hc.hms.Smoke.createAppointmentAndVerifyTest" time="9.609" errors="0" timestamp="2025-05-24T13:11:20 IST" skipped="0">
  <testcase classname="hc.hms.Smoke.createAppointmentAndVerifyTest" name="createAppointmentAndVerifyInDoctorTest" time="9.609"/>
</testsuite> <!-- hc.hms.Smoke.createAppointmentAndVerifyTest -->
