<?xml version="1.0" encoding="UTF-8"?>
<!-- Generated by org.testng.reporters.JUnitReportReporter -->
<testsuite hostname="DESKTOP-MMSR92P" failures="0" tests="1" name="doctor.DoctorLoginPage" time="5.226" errors="0" timestamp="30 Apr 2025 05:03:03 GMT">
  <testcase classname="doctor.DoctorLoginPage" name="logintoDoctorModule" time="5.226"/>
</testsuite> <!-- doctor.DoctorLoginPage -->
